\BOOKMARK [0][-]{chapter.1}{Introduction}{}% 1
\BOOKMARK [1][-]{section.1.1}{Motivation}{chapter.1}% 2
\BOOKMARK [1][-]{section.1.2}{Problem Context and Challenges}{chapter.1}% 3
\BOOKMARK [2][-]{subsection.1.2.1}{Problem Statement}{section.1.2}% 4
\BOOKMARK [2][-]{subsection.1.2.2}{Challenges}{section.1.2}% 5
\BOOKMARK [1][-]{section.1.3}{Objectives}{chapter.1}% 6
\BOOKMARK [2][-]{subsection.1.3.1}{General}{section.1.3}% 7
\BOOKMARK [2][-]{subsection.1.3.2}{Specific}{section.1.3}% 8
\BOOKMARK [1][-]{section.1.4}{Methodology}{chapter.1}% 9
\BOOKMARK [1][-]{section.1.5}{Thesis Organization}{chapter.1}% 10
\BOOKMARK [1][-]{section.1.6}{Chapter Summary}{chapter.1}% 11
\BOOKMARK [0][-]{chapter.2}{State-of-the-Art Background}{}% 12
\BOOKMARK [1][-]{section.2.1}{Quality Attributes}{chapter.2}% 13
\BOOKMARK [2][-]{subsection.2.1.1}{The Performance Quality Attribute}{section.2.1}% 14
\BOOKMARK [1][-]{section.2.2}{Domain-Specific Design Patterns}{chapter.2}% 15
\BOOKMARK [1][-]{section.2.3}{Context-Aware Computing}{chapter.2}% 16
\BOOKMARK [1][-]{section.2.4}{Component-Based Software Engineering}{chapter.2}% 17
\BOOKMARK [2][-]{subsection.2.4.1}{The FraSCAti SCA Component Implementation}{section.2.4}% 18
\BOOKMARK [2][-]{subsection.2.4.2}{The ICE Component Implementation}{section.2.4}% 19
\BOOKMARK [1][-]{section.2.5}{Autonomic Computing and Self-Adaptive Software Systems}{chapter.2}% 20
\BOOKMARK [2][-]{subsection.2.5.1}{Autonomic Computing}{section.2.5}% 21
\BOOKMARK [2][-]{subsection.2.5.2}{Self-Adaptive Software Systems}{section.2.5}% 22
\BOOKMARK [2][-]{subsection.2.5.3}{Self-* Properties}{section.2.5}% 23
\BOOKMARK [1][-]{section.2.6}{Chapter Summary}{chapter.2}% 24
\BOOKMARK [0][-]{chapter.3}{Modeling the Problem}{}% 25
\BOOKMARK [1][-]{section.3.1}{Context Variables}{chapter.3}% 26
\BOOKMARK [1][-]{section.3.2}{Domain-Specific Design Patterns}{chapter.3}% 27
\BOOKMARK [2][-]{subsection.3.2.1}{The Systematic Literature Review \(SLR\)}{section.3.2}% 28
\BOOKMARK [2][-]{subsection.3.2.2}{SLR Results}{section.3.2}% 29
\BOOKMARK [2][-]{subsection.3.2.3}{Random Access Parser Design Pattern}{section.3.2}% 30
\BOOKMARK [2][-]{subsection.3.2.4}{Reactor Design Pattern}{section.3.2}% 31
\BOOKMARK [2][-]{subsection.3.2.5}{State-based Pipeline Design Pattern}{section.3.2}% 32
\BOOKMARK [2][-]{subsection.3.2.6}{Thread Pool Design Pattern}{section.3.2}% 33
\BOOKMARK [2][-]{subsection.3.2.7}{Master-Worker Design Pattern}{section.3.2}% 34
\BOOKMARK [2][-]{subsection.3.2.8}{Separable Dependencies Design Pattern \(Variant of 3.2.7\)}{section.3.2}% 35
\BOOKMARK [2][-]{subsection.3.2.9}{Fork / Join Design Pattern}{section.3.2}% 36
\BOOKMARK [2][-]{subsection.3.2.10}{Producer-Consumer Design Pattern}{section.3.2}% 37
\BOOKMARK [2][-]{subsection.3.2.11}{Sender Released}{section.3.2}% 38
\BOOKMARK [2][-]{subsection.3.2.12}{Leader and Followers}{section.3.2}% 39
\BOOKMARK [2][-]{subsection.3.2.13}{Half-Sync / Half-Async}{section.3.2}% 40
\BOOKMARK [2][-]{subsection.3.2.14}{Sayl}{section.3.2}% 41
\BOOKMARK [2][-]{subsection.3.2.15}{MapReduce}{section.3.2}% 42
\BOOKMARK [1][-]{section.3.3}{Performance Factors}{chapter.3}% 43
\BOOKMARK [1][-]{section.3.4}{Modeling the Problem}{chapter.3}% 44
\BOOKMARK [1][-]{section.3.5}{Chapter Summary}{chapter.3}% 45
\BOOKMARK [0][-]{chapter.4}{Design of Computational Experiments}{}% 46
\BOOKMARK [1][-]{section.4.1}{Applying Design of Computational Experiments to the Problem}{chapter.4}% 47
\BOOKMARK [1][-]{section.4.2}{Variables}{chapter.4}% 48
\BOOKMARK [2][-]{subsection.4.2.1}{Controllable Variables}{section.4.2}% 49
\BOOKMARK [2][-]{subsection.4.2.2}{Uncontrollable Variables}{section.4.2}% 50
\BOOKMARK [2][-]{subsection.4.2.3}{Irrelevant Variables}{section.4.2}% 51
\BOOKMARK [2][-]{subsection.4.2.4}{Target Variables}{section.4.2}% 52
\BOOKMARK [1][-]{section.4.3}{Control and Replication}{chapter.4}% 53
\BOOKMARK [1][-]{section.4.4}{Experiment Case of Study: Sorting }{chapter.4}% 54
\BOOKMARK [1][-]{section.4.5}{Selection of Specific Values of Domain-Specific Design Patterns according to the Case of Study}{chapter.4}% 55
\BOOKMARK [2][-]{subsection.4.5.1}{Applicability of the Domain Specific Design Patterns to the Sorting Problem}{section.4.5}% 56
\BOOKMARK [2][-]{subsection.4.5.2}{Selection of the Domain Specific Design Patterns for our Experiments}{section.4.5}% 57
\BOOKMARK [1][-]{section.4.6}{Variable Measurement and Monitoring}{chapter.4}% 58
\BOOKMARK [1][-]{section.4.7}{Benchmark}{chapter.4}% 59
\BOOKMARK [1][-]{section.4.8}{Chapter Summary}{chapter.4}% 60
\BOOKMARK [0][-]{chapter.5}{Experiments Execution}{}% 61
\BOOKMARK [1][-]{section.5.1}{Configuration and Control of Experiments}{chapter.5}% 62
\BOOKMARK [2][-]{subsection.5.1.1}{Hardware Configuration}{section.5.1}% 63
\BOOKMARK [2][-]{subsection.5.1.2}{Operating System Configuration}{section.5.1}% 64
\BOOKMARK [2][-]{subsection.5.1.3}{Precision Time Protocol \(PTP\)}{section.5.1}% 65
\BOOKMARK [2][-]{subsection.5.1.4}{Other Software and their Configurations}{section.5.1}% 66
\BOOKMARK [1][-]{section.5.2}{Software Deployment Configuration}{chapter.5}% 67
\BOOKMARK [1][-]{section.5.3}{Preparatory Experiments}{chapter.5}% 68
\BOOKMARK [2][-]{subsection.5.3.1}{Distribution of the Merge Component and the non-core System Components}{section.5.3}% 69
\BOOKMARK [2][-]{subsection.5.3.2}{Minimum File Size to Distribute Sorters}{section.5.3}% 70
\BOOKMARK [1][-]{section.5.4}{Control Tests}{chapter.5}% 71
\BOOKMARK [1][-]{section.5.5}{Experiments Execution}{chapter.5}% 72
\BOOKMARK [1][-]{section.5.6}{Chapter Summary}{chapter.5}% 73
\BOOKMARK [0][-]{chapter.6}{Analysis of Computational Experiments}{}% 74
\BOOKMARK [1][-]{section.6.1}{The Sorting Solution Phases Characterized}{chapter.6}% 75
\BOOKMARK [2][-]{subsection.6.1.1}{Analysis of the Behavior of the JC Sorting Strategy }{section.6.1}% 76
\BOOKMARK [2][-]{subsection.6.1.2}{Analysis of the Behavior of the JC Sorting Strategy Variation }{section.6.1}% 77
\BOOKMARK [2][-]{subsection.6.1.3}{Analysis of the Behavior of the Fork/Join Java Library Variation }{section.6.1}% 78
\BOOKMARK [2][-]{subsection.6.1.4}{Analysis of the Behavior of the Fork-Join Design Pattern }{section.6.1}% 79
\BOOKMARK [2][-]{subsection.6.1.5}{Analysis of the Behavior of the Leader-Followers Design Pattern }{section.6.1}% 80
\BOOKMARK [1][-]{section.6.2}{Latency Experiments Results}{chapter.6}% 81
\BOOKMARK [2][-]{subsection.6.2.1}{Consolidated Data of the Experiments Results of Controllable Variables}{section.6.2}% 82
\BOOKMARK [2][-]{subsection.6.2.2}{File Size Analysis}{section.6.2}% 83
\BOOKMARK [2][-]{subsection.6.2.3}{Processing Nodes Analysis}{section.6.2}% 84
\BOOKMARK [2][-]{subsection.6.2.4}{Communication Protocol Analysis}{section.6.2}% 85
\BOOKMARK [2][-]{subsection.6.2.5}{Memory Structure Analysis}{section.6.2}% 86
\BOOKMARK [2][-]{subsection.6.2.6}{Bandwidth Analysis}{section.6.2}% 87
\BOOKMARK [2][-]{subsection.6.2.7}{General Design Patterns Analysis}{section.6.2}% 88
\BOOKMARK [2][-]{subsection.6.2.8}{Analysis of Communication Time and CPU Usage }{section.6.2}% 89
\BOOKMARK [1][-]{section.6.3}{Throughput Experiments Results}{chapter.6}% 90
\BOOKMARK [1][-]{section.6.4}{Chapter Summary}{chapter.6}% 91
\BOOKMARK [0][-]{chapter.7}{Evaluation}{}% 92
\BOOKMARK [1][-]{section.7.1}{Experiment Design}{chapter.7}% 93
\BOOKMARK [2][-]{subsection.7.1.1}{Case of Study: Carvajal XML }{section.7.1}% 94
\BOOKMARK [2][-]{subsection.7.1.2}{Selection of Specific Values of Domain-Specific Design Patterns according to the Case of Study}{section.7.1}% 95
\BOOKMARK [2][-]{subsection.7.1.3}{Variable Measurement and Monitoring}{section.7.1}% 96
\BOOKMARK [2][-]{subsection.7.1.4}{Benchmark}{section.7.1}% 97
\BOOKMARK [1][-]{section.7.2}{Experiment Execution}{chapter.7}% 98
\BOOKMARK [2][-]{subsection.7.2.1}{Configuration and Control of Experiments}{section.7.2}% 99
\BOOKMARK [2][-]{subsection.7.2.2}{Software Deployment Configuration}{section.7.2}% 100
\BOOKMARK [2][-]{subsection.7.2.3}{Preparatory Experiments}{section.7.2}% 101
\BOOKMARK [2][-]{subsection.7.2.4}{Control Tests}{section.7.2}% 102
\BOOKMARK [1][-]{section.7.3}{Result Analysis}{chapter.7}% 103
\BOOKMARK [2][-]{subsection.7.3.1}{Latency Experiments Results}{section.7.3}% 104
\BOOKMARK [2][-]{subsection.7.3.2}{Throughput Experiments Results}{section.7.3}% 105
\BOOKMARK [1][-]{section.7.4}{Comparison between the Study Cases}{chapter.7}% 106
\BOOKMARK [1][-]{section.7.5}{Chapter Summary}{chapter.7}% 107
\BOOKMARK [0][-]{chapter.8}{Conclusions}{}% 108
\BOOKMARK [0][-]{chapter.9}{Appendices}{}% 109
\BOOKMARK [1][-]{section.9.1}{Appendix A - Operating System Processes Configuration Script}{chapter.9}% 110
\BOOKMARK [1][-]{section.9.2}{Appendix B - RabbitMQ Configuration}{chapter.9}% 111
\BOOKMARK [1][-]{section.9.3}{Appendix C - Java Virtual Machine \(JVM\) Configuration}{chapter.9}% 112
